#
# A fatal error has been detected by the Java Runtime Environment:
#
#  SIGSEGV (0xb) at pc=0x00007fe2e04ef0be, pid=8266, tid=140612199835392
#
# JRE version: 7.0_06-b24
# Java VM: Java HotSpot(TM) 64-Bit Server VM (23.2-b09 mixed mode linux-amd64 compressed oops)
# Problematic frame:
# V  [libjvm.so+0x5d20be]  JNIHandles::checked_resolve_jmethod_id(_jmethodID*)+0xe
#
# Failed to write core dump. Core dumps have been disabled. To enable core dumping, try "ulimit -c unlimited" before starting Java again
#
# If you would like to submit a bug report, please visit:
#   http://bugreport.sun.com/bugreport/crash.jsp
#

---------------  T H R E A D  ---------------

Current thread (0x00007fe2d80f1800):  JavaThread "JDWP Transport Listener: dt_socket" daemon [_thread_in_vm, id=8284, stack(0x00007fe2d428e000,0x00007fe2d438f000)]

siginfo:si_signo=SIGSEGV: si_errno=0, si_code=1 (SEGV_MAPERR), si_addr=0x00007f003b676e69

Registers:
RAX=0x0000000000000001, RBX=0x00007fe2d8004d10, RCX=0x00007fe2e16332c0, RDX=0x00007fe2e0c16680
RSP=0x00007fe2d438d800, RBP=0x00007fe2d438d810, RSI=0x00007fe2d80f1800, RDI=0x00007f003b676e69
R8 =0x0000000000000018, R9 =0x0000000000000000, R10=0x000000697274532f, R11=0x3b676e0000000000
R12=0x0000000000000017, R13=0x00007f003b676e69, R14=0x00007fe2d80f1800, R15=0x00007fe2d438d917
RIP=0x00007fe2e04ef0be, EFLAGS=0x0000000000010206, CSGSFS=0x0000000000000033, ERR=0x0000000000000004
  TRAPNO=0x000000000000000e

Top of Stack: (sp=0x00007fe2d438d800)
0x00007fe2d438d800:   0000000000000074 00007fe2d8004d10
0x00007fe2d438d810:   00007fe2d438d880 00007fe2e04e0eee
0x00007fe2d438d820:   00007fe2bc00c180 00007fe2d438d830
0x00007fe2d438d830:   00007fe2d80f1800 0000000000000000
0x00007fe2d438d840:   00007fe200000000 0000000000000000
0x00007fe2d438d850:   00007fe2d438d980 00007fe2df5dfe40
0x00007fe2d438d860:   00007f003b676e69 00007fe2d438d917
0x00007fe2d438d870:   0000000000000002 00007fe2d438d917
0x00007fe2d438d880:   00007fe2d438d8b0 00007fe2df3cb2f2
0x00007fe2d438d890:   00007fe2d438d8b0 00007f003b676e69
0x00007fe2d438d8a0:   00007fe2d438d980 0000000000000010
0x00007fe2d438d8b0:   00007fe2d438d940 00007fe2df3ac980
0x00007fe2d438d8c0:   00007fe2d438d8f8 00007fe2d438d8f0
0x00007fe2d438d8d0:   00007fe2d438d8e8 00007fe2d438d90c
0x00007fe2d438d8e0:   00000001bc0076b0 0000000000000000
0x00007fe2d438d8f0:   0000000000000000 0000000000000000
0x00007fe2d438d900:   00007fe2bc00c160 0000000ad438d980
0x00007fe2d438d910:   0000000000000003 0000000000000002
0x00007fe2d438d920:   000000000000000f 0000000000000002
0x00007fe2d438d930:   00000000000f0200 000000000000000f
0x00007fe2d438d940:   00007fe2d438db90 00007fe2df3b7806
0x00007fe2d438d950:   0000268600000013 00007fe2e00f0200
0x00007fe2d438d960:   00007fe2b4000fd0 00007fe2d80f2c50
0x00007fe2d438d970:   00007fe2d438d980 00007fe2d438db10
0x00007fe2d438d980:   00007fe2d438da50 00007fe2000000ac
0x00007fe2d438d990:   00007fe2d438d998 00007fe200000080
0x00007fe2d438d9a0:   00007fe2d438d9d0 0000000000000000
0x00007fe2d438d9b0:   00007f0000000000 000026860000001c
0x00007fe2d438d9c0:   00007fe20000d980 00007fe2d438d9d0
0x00007fe2d438d9d0:   e27f000003000000 06000000e05100bc
0x00007fe2d438d9e0:   00003e74696e693c 0000005629280300
0x00007fe2d438d9f0:   7f00000100000000 000000a04d01bce2 

Instructions: (pc=0x00007fe2e04ef0be)
0x00007fe2e04ef09e:   00 00 4c 89 f7 e8 a8 6b 1f 00 e9 4f ff ff ff 90
0x00007fe2e04ef0ae:   90 90 55 48 89 e5 53 48 83 ec 08 48 85 ff 74 3c
0x00007fe2e04ef0be:   48 8b 1f 48 85 db 74 34 48 b8 fe fe fe fe fe fe
0x00007fe2e04ef0ce:   fe fe 48 39 c3 74 25 48 8b 05 b4 09 6f 00 80 38 

Register to memory mapping:

RAX=0x0000000000000001 is an unknown value
RBX=0x00007fe2d8004d10 is an unknown value
RCX=0x00007fe2e16332c0: <offset 0x2182c0> in /lib/x86_64-linux-gnu/libpthread.so.0 at 0x00007fe2e141b000
RDX=0x00007fe2e0c16680: <offset 0xcf9680> in /home/abhinay/jdk1.7.0_06/jre/lib/amd64/server/libjvm.so at 0x00007fe2dff1d000
RSP=0x00007fe2d438d800 is pointing into the stack for thread: 0x00007fe2d80f1800
RBP=0x00007fe2d438d810 is pointing into the stack for thread: 0x00007fe2d80f1800
RSI=0x00007fe2d80f1800 is a thread
RDI=0x00007f003b676e69 is an unknown value
R8 =0x0000000000000018 is an unknown value
R9 =0x0000000000000000 is an unknown value
R10=0x000000697274532f is an unknown value
R11=0x3b676e0000000000 is an unknown value
R12=0x0000000000000017 is an unknown value
R13=0x00007f003b676e69 is an unknown value
R14=0x00007fe2d80f1800 is a thread
R15=0x00007fe2d438d917 is pointing into the stack for thread: 0x00007fe2d80f1800


Stack: [0x00007fe2d428e000,0x00007fe2d438f000],  sp=0x00007fe2d438d800,  free space=1022k
Native frames: (J=compiled Java code, j=interpreted, Vv=VM code, C=native code)
V  [libjvm.so+0x5d20be]  JNIHandles::checked_resolve_jmethod_id(_jmethodID*)+0xe
V  [libjvm.so+0x5c3eee]  jvmti_IsMethodSynthetic+0x22e
C  [libjdwp.so+0x252f2]  isMethodSynthetic+0x42
C  [libjdwp.so+0x6980]  methods1+0x1b0
C  [libjdwp.so+0x11806]  debugLoop_run+0x2b6
C  [libjdwp.so+0x2422f]  attachThread+0x2f
V  [libjvm.so+0x626a87]  JvmtiAgentThread::call_start_function()+0x97
V  [libjvm.so+0x864ec8]  JavaThread::thread_main_inner()+0xc8
V  [libjvm.so+0x865018]  JavaThread::run()+0x138
V  [libjvm.so+0x746a00]  java_start(Thread*)+0x100


---------------  P R O C E S S  ---------------

Java Threads: ( => current thread )
  0x00007fe298229800 JavaThread "TimerQueue" daemon [_thread_blocked, id=8306, stack(0x00007fe2acf1f000,0x00007fe2ad020000)]
  0x00007fe298071000 JavaThread "Thread-1" daemon [_thread_blocked, id=8301, stack(0x00007fe2ad70c000,0x00007fe2ad80d000)]
  0x00007fe2d800b000 JavaThread "DestroyJavaVM" [_thread_blocked, id=8275, stack(0x00007fe2e1731000,0x00007fe2e1832000)]
  0x00007fe2d820c800 JavaThread "AWT-EventQueue-0" [_thread_blocked, id=8298, stack(0x00007fe2ad90e000,0x00007fe2ada0f000)]
  0x00007fe2d820a800 JavaThread "AWT-Shutdown" [_thread_blocked, id=8297, stack(0x00007fe2ada0f000,0x00007fe2adb10000)]
  0x00007fe2d8208800 JavaThread "AWT-XAWT" daemon [_thread_in_native, id=8296, stack(0x00007fe2adb10000,0x00007fe2adc11000)]
  0x00007fe2d81d9800 JavaThread "Java2D Disposer" daemon [_thread_blocked, id=8295, stack(0x00007fe2ae021000,0x00007fe2ae122000)]
  0x00007fe2d80fd000 JavaThread "Service Thread" daemon [_thread_blocked, id=8293, stack(0x00007fe2afcfd000,0x00007fe2afdfe000)]
  0x00007fe2d80fa800 JavaThread "C2 CompilerThread1" daemon [_thread_blocked, id=8292, stack(0x00007fe2afdfe000,0x00007fe2afeff000)]
  0x00007fe2d80f7800 JavaThread "C2 CompilerThread0" daemon [_thread_blocked, id=8291, stack(0x00007fe2afeff000,0x00007fe2b0000000)]
  0x00007fe2bc001000 JavaThread "JDWP Command Reader" daemon [_thread_in_native, id=8288, stack(0x00007fe2d408c000,0x00007fe2d418d000)]
  0x00007fe2d80f5800 JavaThread "JDWP Event Helper Thread" daemon [_thread_blocked, id=8285, stack(0x00007fe2d418d000,0x00007fe2d428e000)]
=>0x00007fe2d80f1800 JavaThread "JDWP Transport Listener: dt_socket" daemon [_thread_in_vm, id=8284, stack(0x00007fe2d428e000,0x00007fe2d438f000)]
  0x00007fe2d80e5000 JavaThread "Signal Dispatcher" daemon [_thread_blocked, id=8282, stack(0x00007fe2d4593000,0x00007fe2d4694000)]
  0x00007fe2d8099800 JavaThread "Finalizer" daemon [_thread_blocked, id=8280, stack(0x00007fe2d4694000,0x00007fe2d4795000)]
  0x00007fe2d8097000 JavaThread "Reference Handler" daemon [_thread_blocked, id=8279, stack(0x00007fe2d4795000,0x00007fe2d4896000)]

Other Threads:
  0x00007fe2d808f800 VMThread [stack: 0x00007fe2d4896000,0x00007fe2d4997000] [id=8278]
  0x00007fe2d8107800 WatcherThread [stack: 0x00007fe2afbfc000,0x00007fe2afcfd000] [id=8294]

VM state:not at safepoint (normal execution)

VM Mutex/Monitor currently owned by a thread: None

Heap
 PSYoungGen      total 9024K, used 2203K [0x00000000f5e00000, 0x00000000f6810000, 0x0000000100000000)
  eden space 7744K, 12% used [0x00000000f5e00000,0x00000000f5eeed40,0x00000000f6590000)
  from space 1280K, 97% used [0x00000000f66d0000,0x00000000f6808020,0x00000000f6810000)
  to   space 1280K, 0% used [0x00000000f6590000,0x00000000f6590000,0x00000000f66d0000)
 ParOldGen       total 20736K, used 2818K [0x00000000e1a00000, 0x00000000e2e40000, 0x00000000f5e00000)
  object space 20736K, 13% used [0x00000000e1a00000,0x00000000e1cc0a40,0x00000000e2e40000)
 PSPermGen       total 21248K, used 15043K [0x00000000dc800000, 0x00000000ddcc0000, 0x00000000e1a00000)
  object space 21248K, 70% used [0x00000000dc800000,0x00000000dd6b0f70,0x00000000ddcc0000)

Card table byte_map: [0x00007fe2ddf4b000,0x00007fe2de068000] byte_map_base: 0x00007fe2dd867000

Polling page: 0x00007fe2e1857000

Code Cache  [0x00007fe2d5000000, 0x00007fe2d5270000, 0x00007fe2d8000000)
 total_blobs=571 nmethods=92 adapters=439 free_code_cache=48447Kb largest_free_block=49586176

Compilation events (10 events):
Event: 21.761 Thread 0x00007fe2d80fa800 nmethod 88 0x00007fe2d50a8cd0 code [0x00007fe2d50a8e60, 0x00007fe2d50a9ac8]
Event: 21.778 Thread 0x00007fe2d80f7800 nmethod 87 0x00007fe2d50ad110 code [0x00007fe2d50ad360, 0x00007fe2d50ae400]
Event: 21.975 Thread 0x00007fe2d80fa800   89  s          java.util.Hashtable::get (70 bytes)
Event: 21.999 Thread 0x00007fe2d80fa800 nmethod 89 0x00007fe2d50b3ad0 code [0x00007fe2d50b3c60, 0x00007fe2d50b4468]
Event: 22.006 Thread 0x00007fe2d80f7800   90             java.util.Arrays::fill (28 bytes)
Event: 22.009 Thread 0x00007fe2d80f7800 nmethod 90 0x00007fe2d50a6210 code [0x00007fe2d50a6360, 0x00007fe2d50a64b8]
Event: 22.009 Thread 0x00007fe2d80f7800    2 %           java.util.Arrays::fill @ 10 (28 bytes)
Event: 22.016 Thread 0x00007fe2d80f7800 nmethod 2% 0x00007fe2d50a5dd0 code [0x00007fe2d50a5f20, 0x00007fe2d50a6118]
Event: 309.794 Thread 0x00007fe2d80fa800   91             sun.awt.X11.XToolkit::getDisplay (4 bytes)
Event: 309.795 Thread 0x00007fe2d80fa800 nmethod 91 0x00007fe2d509c2d0 code [0x00007fe2d509c400, 0x00007fe2d509c458]

GC Heap History (4 events):
Event: 13.249 GC heap before
{Heap before GC invocations=1 (full 0):
 PSYoungGen      total 9024K, used 7744K [0x00000000f5e00000, 0x00000000f6810000, 0x0000000100000000)
  eden space 7744K, 100% used [0x00000000f5e00000,0x00000000f6590000,0x00000000f6590000)
  from space 1280K, 0% used [0x00000000f66d0000,0x00000000f66d0000,0x00000000f6810000)
  to   space 1280K, 0% used [0x00000000f6590000,0x00000000f6590000,0x00000000f66d0000)
 ParOldGen       total 20736K, used 0K [0x00000000e1a00000, 0x00000000e2e40000, 0x00000000f5e00000)
  object space 20736K, 0% used [0x00000000e1a00000,0x00000000e1a00000,0x00000000e2e40000)
 PSPermGen       total 21248K, used 13415K [0x00000000dc800000, 0x00000000ddcc0000, 0x00000000e1a00000)
  object space 21248K, 63% used [0x00000000dc800000,0x00000000dd519dd0,0x00000000ddcc0000)
Event: 13.299 GC heap after
Heap after GC invocations=1 (full 0):
 PSYoungGen      total 9024K, used 1280K [0x00000000f5e00000, 0x00000000f6810000, 0x0000000100000000)
  eden space 7744K, 0% used [0x00000000f5e00000,0x00000000f5e00000,0x00000000f6590000)
  from space 1280K, 100% used [0x00000000f6590000,0x00000000f66d0000,0x00000000f66d0000)
  to   space 1280K, 0% used [0x00000000f66d0000,0x00000000f66d0000,0x00000000f6810000)
 ParOldGen       total 20736K, used 1173K [0x00000000e1a00000, 0x00000000e2e40000, 0x00000000f5e00000)
  object space 20736K, 5% used [0x00000000e1a00000,0x00000000e1b25710,0x00000000e2e40000)
 PSPermGen       total 21248K, used 13415K [0x00000000dc800000, 0x00000000ddcc0000, 0x00000000e1a00000)
  object space 21248K, 63% used [0x00000000dc800000,0x00000000dd519dd0,0x00000000ddcc0000)
}
Event: 21.792 GC heap before
{Heap before GC invocations=2 (full 0):
 PSYoungGen      total 9024K, used 9024K [0x00000000f5e00000, 0x00000000f6810000, 0x0000000100000000)
  eden space 7744K, 100% used [0x00000000f5e00000,0x00000000f6590000,0x00000000f6590000)
  from space 1280K, 100% used [0x00000000f6590000,0x00000000f66d0000,0x00000000f66d0000)
  to   space 1280K, 0% used [0x00000000f66d0000,0x00000000f66d0000,0x00000000f6810000)
 ParOldGen       total 20736K, used 1173K [0x00000000e1a00000, 0x00000000e2e40000, 0x00000000f5e00000)
  object space 20736K, 5% used [0x00000000e1a00000,0x00000000e1b25710,0x00000000e2e40000)
 PSPermGen       total 21248K, used 13760K [0x00000000dc800000, 0x00000000ddcc0000, 0x00000000e1a00000)
  object space 21248K, 64% used [0x00000000dc800000,0x00000000dd570250,0x00000000ddcc0000)
Event: 21.802 GC heap after
Heap after GC invocations=2 (full 0):
 PSYoungGen      total 9024K, used 1248K [0x00000000f5e00000, 0x00000000f6810000, 0x0000000100000000)
  eden space 7744K, 0% used [0x00000000f5e00000,0x00000000f5e00000,0x00000000f6590000)
  from space 1280K, 97% used [0x00000000f66d0000,0x00000000f6808020,0x00000000f6810000)
  to   space 1280K, 0% used [0x00000000f6590000,0x00000000f6590000,0x00000000f66d0000)
 ParOldGen       total 20736K, used 2818K [0x00000000e1a00000, 0x00000000e2e40000, 0x00000000f5e00000)
  object space 20736K, 13% used [0x00000000e1a00000,0x00000000e1cc0a40,0x00000000e2e40000)
 PSPermGen       total 21248K, used 13760K [0x00000000dc800000, 0x00000000ddcc0000, 0x00000000e1a00000)
  object space 21248K, 64% used [0x00000000dc800000,0x00000000dd570250,0x00000000ddcc0000)
}

Deoptimization events (8 events):
Event: 7.069 Thread 0x00007fe2d820c800 Uncommon trap -34 fr.pc 0x00007fe2d5084974
Event: 7.077 Thread 0x00007fe2d820c800 Uncommon trap -34 fr.pc 0x00007fe2d5084974
Event: 7.087 Thread 0x00007fe2d820c800 Uncommon trap -34 fr.pc 0x00007fe2d5084974
Event: 7.097 Thread 0x00007fe2d820c800 Uncommon trap -34 fr.pc 0x00007fe2d5084974
Event: 12.827 Thread 0x00007fe2d820c800 Uncommon trap -34 fr.pc 0x00007fe2d5081804
Event: 12.834 Thread 0x00007fe2d820c800 Uncommon trap -34 fr.pc 0x00007fe2d5081804
Event: 12.835 Thread 0x00007fe2d820c800 Uncommon trap -34 fr.pc 0x00007fe2d5081804
Event: 12.835 Thread 0x00007fe2d820c800 Uncommon trap -34 fr.pc 0x00007fe2d5081804

Internal exceptions (10 events):
Event: 8.320 Thread 0x00007fe2d820c800 Threw 0x00000000f61a1c58 at /HUDSON/workspace/jdk7u6-2-build-linux-amd64-product/jdk7u6/hotspot/src/share/vm/prims/jvm.cpp:1166
Event: 8.324 Thread 0x00007fe2d820c800 Threw 0x00000000f61a51a8 at /HUDSON/workspace/jdk7u6-2-build-linux-amd64-product/jdk7u6/hotspot/src/share/vm/prims/jvm.cpp:1166
Event: 8.328 Thread 0x00007fe2d820c800 Threw 0x00000000f61a8420 at /HUDSON/workspace/jdk7u6-2-build-linux-amd64-product/jdk7u6/hotspot/src/share/vm/prims/jvm.cpp:1166
Event: 8.721 Thread 0x00007fe2d820c800 Threw 0x00000000f6332950 at /HUDSON/workspace/jdk7u6-2-build-linux-amd64-product/jdk7u6/hotspot/src/share/vm/prims/jni.cpp:742
Event: 13.398 Thread 0x00007fe2d820c800 Threw 0x00000000f5f58698 at /HUDSON/workspace/jdk7u6-2-build-linux-amd64-product/jdk7u6/hotspot/src/share/vm/prims/jni.cpp:742
Event: 17.911 Thread 0x00007fe2d820c800 Threw 0x00000000f62e0b68 at /HUDSON/workspace/jdk7u6-2-build-linux-amd64-product/jdk7u6/hotspot/src/share/vm/prims/jni.cpp:742
Event: 21.657 Thread 0x00007fe2d820c800 Threw 0x00000000f6454440 at /HUDSON/workspace/jdk7u6-2-build-linux-amd64-product/jdk7u6/hotspot/src/share/vm/prims/jvm.cpp:1166
Event: 21.665 Thread 0x00007fe2d820c800 Threw 0x00000000f6456cf8 at /HUDSON/workspace/jdk7u6-2-build-linux-amd64-product/jdk7u6/hotspot/src/share/vm/prims/jvm.cpp:1166
Event: 21.818 Thread 0x00007fe2d820c800 Threw 0x00000000f5e637e8 at /HUDSON/workspace/jdk7u6-2-build-linux-amd64-product/jdk7u6/hotspot/src/share/vm/prims/jvm.cpp:1166
Event: 91.897 Thread 0x00007fe2d820c800 Threw 0x00000000f5e9ded0 at /HUDSON/workspace/jdk7u6-2-build-linux-amd64-product/jdk7u6/hotspot/src/share/vm/interpreter/linkResolv

Events (10 events):
Event: 180.277 Executing VM operation: GetOrSetLocal
Event: 180.277 Executing VM operation: GetOrSetLocal done
Event: 180.278 Executing VM operation: GetOrSetLocal
Event: 180.278 Executing VM operation: GetOrSetLocal done
Event: 184.279 Executing VM operation: GetOrSetLocal
Event: 184.279 Executing VM operation: GetOrSetLocal done
Event: 184.280 Executing VM operation: GetOrSetLocal
Event: 184.280 Executing VM operation: GetOrSetLocal done
Event: 338.504 Executing VM operation: RedefineClasses
Event: 338.506 Executing VM operation: RedefineClasses done


Dynamic libraries:
00400000-00401000 r-xp 00000000 08:06 2436531                            /home/abhinay/jdk1.7.0_06/bin/java
00600000-00601000 rw-p 00000000 08:06 2436531                            /home/abhinay/jdk1.7.0_06/bin/java
00a77000-00a98000 rw-p 00000000 00:00 0                                  [heap]
dc800000-ddcc0000 rw-p 00000000 00:00 0 
ddcc0000-e1a00000 rw-p 00000000 00:00 0 
e1a00000-e2e40000 rw-p 00000000 00:00 0 
e2e40000-f5e00000 rw-p 00000000 00:00 0 
f5e00000-f6810000 rw-p 00000000 00:00 0 
f6810000-100000000 rw-p 00000000 00:00 0 
7fe298000000-7fe29829d000 rw-p 00000000 00:00 0 
7fe29829d000-7fe29c000000 ---p 00000000 00:00 0 
7fe29c000000-7fe29c021000 rw-p 00000000 00:00 0 
7fe29c021000-7fe2a0000000 ---p 00000000 00:00 0 
7fe2a0000000-7fe2a01e8000 rw-p 00000000 00:00 0 
7fe2a01e8000-7fe2a4000000 ---p 00000000 00:00 0 
7fe2a4000000-7fe2a4021000 rw-p 00000000 00:00 0 
7fe2a4021000-7fe2a8000000 ---p 00000000 00:00 0 
7fe2a8000000-7fe2a81ed000 rw-p 00000000 00:00 0 
7fe2a81ed000-7fe2ac000000 ---p 00000000 00:00 0 
7fe2acc27000-7fe2ace1e000 rw-p 00000000 00:00 0 
7fe2ace1e000-7fe2ace21000 ---p 00000000 00:00 0 
7fe2ace21000-7fe2acf1f000 rw-p 00000000 00:00 0 
7fe2acf1f000-7fe2acf22000 ---p 00000000 00:00 0 
7fe2acf22000-7fe2ad020000 rw-p 00000000 00:00 0 
7fe2ad020000-7fe2ad088000 r-xp 00000000 08:06 2436691                    /home/abhinay/jdk1.7.0_06/jre/lib/amd64/libt2k.so
7fe2ad088000-7fe2ad287000 ---p 00068000 08:06 2436691                    /home/abhinay/jdk1.7.0_06/jre/lib/amd64/libt2k.so
7fe2ad287000-7fe2ad28e000 rw-p 00067000 08:06 2436691                    /home/abhinay/jdk1.7.0_06/jre/lib/amd64/libt2k.so
7fe2ad28e000-7fe2ad29e000 rw-p 00000000 00:00 0 
7fe2ad29e000-7fe2ad2b3000 r-xp 00000000 08:06 2960704                    /lib/x86_64-linux-gnu/libgcc_s.so.1
7fe2ad2b3000-7fe2ad4b2000 ---p 00015000 08:06 2960704                    /lib/x86_64-linux-gnu/libgcc_s.so.1
7fe2ad4b2000-7fe2ad4b3000 r--p 00014000 08:06 2960704                    /lib/x86_64-linux-gnu/libgcc_s.so.1
7fe2ad4b3000-7fe2ad4b4000 rw-p 00015000 08:06 2960704                    /lib/x86_64-linux-gnu/libgcc_s.so.1
7fe2ad4b4000-7fe2ad4f8000 r-xp 00000000 08:06 2436658                    /home/abhinay/jdk1.7.0_06/jre/lib/amd64/libfontmanager.so
7fe2ad4f8000-7fe2ad6f8000 ---p 00044000 08:06 2436658                    /home/abhinay/jdk1.7.0_06/jre/lib/amd64/libfontmanager.so
7fe2ad6f8000-7fe2ad6fc000 rw-p 00044000 08:06 2436658                    /home/abhinay/jdk1.7.0_06/jre/lib/amd64/libfontmanager.so
7fe2ad6fc000-7fe2ad70c000 rw-p 00000000 00:00 0 
7fe2ad70c000-7fe2ad70f000 ---p 00000000 00:00 0 
7fe2ad70f000-7fe2ad80d000 rw-p 00000000 00:00 0 
7fe2ad80d000-7fe2ad810000 ---p 00000000 00:00 0 
7fe2ad810000-7fe2ad90e000 rw-p 00000000 00:00 0 
7fe2ad90e000-7fe2ad911000 ---p 00000000 00:00 0 
7fe2ad911000-7fe2ada0f000 rw-p 00000000 00:00 0 
7fe2ada0f000-7fe2ada12000 ---p 00000000 00:00 0 
7fe2ada12000-7fe2adb10000 rw-p 00000000 00:00 0 
7fe2adb10000-7fe2adb13000 ---p 00000000 00:00 0 
7fe2adb13000-7fe2adc11000 rw-p 00000000 00:00 0 
7fe2adc11000-7fe2adc16000 r-xp 00000000 08:06 66424                      /usr/lib/x86_64-linux-gnu/libXfixes.so.3.1.0
7fe2adc16000-7fe2ade15000 ---p 00005000 08:06 66424                      /usr/lib/x86_64-linux-gnu/libXfixes.so.3.1.0
7fe2ade15000-7fe2ade16000 r--p 00004000 08:06 66424                      /usr/lib/x86_64-linux-gnu/libXfixes.so.3.1.0
7fe2ade16000-7fe2ade17000 rw-p 00005000 08:06 66424                      /usr/lib/x86_64-linux-gnu/libXfixes.so.3.1.0
7fe2ade17000-7fe2ade20000 r-xp 00000000 08:06 2240456                    /usr/lib/x86_64-linux-gnu/libXcursor.so.1.0.2
7fe2ade20000-7fe2ae01f000 ---p 00009000 08:06 2240456                    /usr/lib/x86_64-linux-gnu/libXcursor.so.1.0.2
7fe2ae01f000-7fe2ae020000 r--p 00008000 08:06 2240456                    /usr/lib/x86_64-linux-gnu/libXcursor.so.1.0.2
7fe2ae020000-7fe2ae021000 rw-p 00009000 08:06 2240456                    /usr/lib/x86_64-linux-gnu/libXcursor.so.1.0.2
7fe2ae021000-7fe2ae024000 ---p 00000000 00:00 0 
7fe2ae024000-7fe2ae122000 rw-p 00000000 00:00 0 
7fe2ae122000-7fe2ae127000 r-xp 00000000 08:06 66159                      /usr/lib/x86_64-linux-gnu/libXdmcp.so.6.0.0
7fe2ae127000-7fe2ae326000 ---p 00005000 08:06 66159                      /usr/lib/x86_64-linux-gnu/libXdmcp.so.6.0.0
7fe2ae326000-7fe2ae327000 r--p 00004000 08:06 66159                      /usr/lib/x86_64-linux-gnu/libXdmcp.so.6.0.0
7fe2ae327000-7fe2ae328000 rw-p 00005000 08:06 66159                      /usr/lib/x86_64-linux-gnu/libXdmcp.so.6.0.0
7fe2ae328000-7fe2ae32a000 r-xp 00000000 08:06 66148                      /usr/lib/x86_64-linux-gnu/libXau.so.6.0.0
7fe2ae32a000-7fe2ae529000 ---p 00002000 08:06 66148                      /usr/lib/x86_64-linux-gnu/libXau.so.6.0.0
7fe2ae529000-7fe2ae52a000 r--p 00001000 08:06 66148                      /usr/lib/x86_64-linux-gnu/libXau.so.6.0.0
7fe2ae52a000-7fe2ae52b000 rw-p 00002000 08:06 66148                      /usr/lib/x86_64-linux-gnu/libXau.so.6.0.0
7fe2ae52b000-7fe2ae548000 r-xp 00000000 08:06 2240316                    /usr/lib/x86_64-linux-gnu/libxcb.so.1.1.0
7fe2ae548000-7fe2ae747000 ---p 0001d000 08:06 2240316                    /usr/lib/x86_64-linux-gnu/libxcb.so.1.1.0
7fe2ae747000-7fe2ae748000 r--p 0001c000 08:06 2240316                    /usr/lib/x86_64-linux-gnu/libxcb.so.1.1.0
7fe2ae748000-7fe2ae749000 rw-p 0001d000 08:06 2240316                    /usr/lib/x86_64-linux-gnu/libxcb.so.1.1.0
7fe2ae749000-7fe2ae757000 r-xp 00000000 08:06 2240458                    /usr/lib/x86_64-linux-gnu/libXi.so.6.1.0
7fe2ae757000-7fe2ae956000 ---p 0000e000 08:06 2240458                    /usr/lib/x86_64-linux-gnu/libXi.so.6.1.0
7fe2ae956000-7fe2ae957000 r--p 0000d000 08:06 2240458                    /usr/lib/x86_64-linux-gnu/libXi.so.6.1.0
7fe2ae957000-7fe2ae958000 rw-p 0000e000 08:06 2240458                    /usr/lib/x86_64-linux-gnu/libXi.so.6.1.0
7fe2ae958000-7fe2ae95d000 r-xp 00000000 08:06 4300879                    /usr/lib/x86_64-linux-gnu/libXtst.so.6.1.0
7fe2ae95d000-7fe2aeb5c000 ---p 00005000 08:06 4300879                    /usr/lib/x86_64-linux-gnu/libXtst.so.6.1.0
7fe2aeb5c000-7fe2aeb5d000 r--p 00004000 08:06 4300879                    /usr/lib/x86_64-linux-gnu/libXtst.so.6.1.0
7fe2aeb5d000-7fe2aeb5e000 rw-p 00005000 08:06 4300879                    /usr/lib/x86_64-linux-gnu/libXtst.so.6.1.0
7fe2aeb5e000-7fe2aeb67000 r-xp 00000000 08:06 4300865                    /usr/lib/x86_64-linux-gnu/libXrender.so.1.3.0
7fe2aeb67000-7fe2aed66000 ---p 00009000 08:06 4300865                    /usr/lib/x86_64-linux-gnu/libXrender.so.1.3.0
7fe2aed66000-7fe2aed67000 r--p 00008000 08:06 4300865                    /usr/lib/x86_64-linux-gnu/libXrender.so.1.3.0
7fe2aed67000-7fe2aed68000 rw-p 00009000 08:06 4300865                    /usr/lib/x86_64-linux-gnu/libXrender.so.1.3.0
7fe2aed68000-7fe2aee98000 r-xp 00000000 08:06 2240318                    /usr/lib/x86_64-linux-gnu/libX11.so.6.3.0
7fe2aee98000-7fe2af098000 ---p 00130000 08:06 2240318                    /usr/lib/x86_64-linux-gnu/libX11.so.6.3.0
7fe2af098000-7fe2af099000 r--p 00130000 08:06 2240318                    /usr/lib/x86_64-linux-gnu/libX11.so.6.3.0
7fe2af099000-7fe2af09d000 rw-p 00131000 08:06 2240318                    /usr/lib/x86_64-linux-gnu/libX11.so.6.3.0
7fe2af09d000-7fe2af0ad000 r-xp 00000000 08:06 2240320                    /usr/lib/x86_64-linux-gnu/libXext.so.6.4.0
7fe2af0ad000-7fe2af2ac000 ---p 00010000 08:06 2240320                    /usr/lib/x86_64-linux-gnu/libXext.so.6.4.0
7fe2af2ac000-7fe2af2ad000 r--p 0000f000 08:06 2240320                    /usr/lib/x86_64-linux-gnu/libXext.so.6.4.0
7fe2af2ad000-7fe2af2ae000 rw-p 00010000 08:06 2240320                    /usr/lib/x86_64-linux-gnu/libXext.so.6.4.0
7fe2af2ae000-7fe2af2fe000 r-xp 00000000 08:06 2436652                    /home/abhinay/jdk1.7.0_06/jre/lib/amd64/xawt/libmawt.so
7fe2af2fe000-7fe2af4fe000 ---p 00050000 08:06 2436652                    /home/abhinay/jdk1.7.0_06/jre/lib/amd64/xawt/libmawt.so
7fe2af4fe000-7fe2af502000 rw-p 00050000 08:06 2436652                    /home/abhinay/jdk1.7.0_06/jre/lib/amd64/xawt/libmawt.so
7fe2af502000-7fe2af503000 rw-p 00000000 00:00 0 
7fe2af503000-7fe2af5a5000 r-xp 00000000 08:06 2436696                    /home/abhinay/jdk1.7.0_06/jre/lib/amd64/libawt.so
7fe2af5a5000-7fe2af7a5000 ---p 000a2000 08:06 2436696                    /home/abhinay/jdk1.7.0_06/jre/lib/amd64/libawt.so
7fe2af7a5000-7fe2af7b1000 rw-p 000a2000 08:06 2436696                    /home/abhinay/jdk1.7.0_06/jre/lib/amd64/libawt.so
7fe2af7b1000-7fe2af7d5000 rw-p 00000000 00:00 0 
7fe2af7d5000-7fe2af7e5000 r-xp 00000000 08:06 2436661                    /home/abhinay/jdk1.7.0_06/jre/lib/amd64/libnio.so
7fe2af7e5000-7fe2af9e5000 ---p 00010000 08:06 2436661                    /home/abhinay/jdk1.7.0_06/jre/lib/amd64/libnio.so
7fe2af9e5000-7fe2af9e6000 rw-p 00010000 08:06 2436661                    /home/abhinay/jdk1.7.0_06/jre/lib/amd64/libnio.so
7fe2af9e6000-7fe2af9fb000 r-xp 00000000 08:06 2436643                    /home/abhinay/jdk1.7.0_06/jre/lib/amd64/libnet.so
7fe2af9fb000-7fe2afbfb000 ---p 00015000 08:06 2436643                    /home/abhinay/jdk1.7.0_06/jre/lib/amd64/libnet.so
7fe2afbfb000-7fe2afbfc000 rw-p 00015000 08:06 2436643                    /home/abhinay/jdk1.7.0_06/jre/lib/amd64/libnet.so
7fe2afbfc000-7fe2afbfd000 ---p 00000000 00:00 0 
7fe2afbfd000-7fe2afcfd000 rw-p 00000000 00:00 0 
7fe2afcfd000-7fe2afd00000 ---p 00000000 00:00 0 
7fe2afd00000-7fe2afdfe000 rw-p 00000000 00:00 0 
7fe2afdfe000-7fe2afe01000 ---p 00000000 00:00 0 
7fe2afe01000-7fe2afeff000 rw-p 00000000 00:00 0 
7fe2afeff000-7fe2aff02000 ---p 00000000 00:00 0 
7fe2aff02000-7fe2b0000000 rw-p 00000000 00:00 0 
7fe2b0000000-7fe2b0021000 rw-p 00000000 00:00 0 
7fe2b0021000-7fe2b4000000 ---p 00000000 00:00 0 
7fe2b4000000-7fe2b4021000 rw-p 00000000 00:00 0 
7fe2b4021000-7fe2b8000000 ---p 00000000 00:00 0 
7fe2b8000000-7fe2b8021000 rw-p 00000000 00:00 0 
7fe2b8021000-7fe2bc000000 ---p 00000000 00:00 0 
7fe2bc000000-7fe2bc024000 rw-p 00000000 00:00 0 
7fe2bc024000-7fe2c0000000 ---p 00000000 00:00 0 
7fe2c0000000-7fe2c0021000 rw-p 00000000 00:00 0 
7fe2c0021000-7fe2c4000000 ---p 00000000 00:00 0 
7fe2c4000000-7fe2c4021000 rw-p 00000000 00:00 0 
7fe2c4021000-7fe2c8000000 ---p 00000000 00:00 0 
7fe2c8000000-7fe2c8021000 rw-p 00000000 00:00 0 
7fe2c8021000-7fe2cc000000 ---p 00000000 00:00 0 
7fe2cc000000-7fe2cc021000 rw-p 00000000 00:00 0 
7fe2cc021000-7fe2d0000000 ---p 00000000 00:00 0 
7fe2d0000000-7fe2d0021000 rw-p 00000000 00:00 0 
7fe2d0021000-7fe2d4000000 ---p 00000000 00:00 0 
7fe2d408c000-7fe2d408f000 ---p 00000000 00:00 0 
7fe2d408f000-7fe2d418d000 rw-p 00000000 00:00 0 
7fe2d418d000-7fe2d4190000 ---p 00000000 00:00 0 
7fe2d4190000-7fe2d428e000 rw-p 00000000 00:00 0 
7fe2d428e000-7fe2d4291000 ---p 00000000 00:00 0 
7fe2d4291000-7fe2d438f000 rw-p 00000000 00:00 0 
7fe2d438f000-7fe2d4393000 r-xp 00000000 08:06 2436676                    /home/abhinay/jdk1.7.0_06/jre/lib/amd64/libdt_socket.so
7fe2d4393000-7fe2d4592000 ---p 00004000 08:06 2436676                    /home/abhinay/jdk1.7.0_06/jre/lib/amd64/libdt_socket.so
7fe2d4592000-7fe2d4593000 rw-p 00003000 08:06 2436676                    /home/abhinay/jdk1.7.0_06/jre/lib/amd64/libdt_socket.so
7fe2d4593000-7fe2d4596000 ---p 00000000 00:00 0 
7fe2d4596000-7fe2d4694000 rw-p 00000000 00:00 0 
7fe2d4694000-7fe2d4697000 ---p 00000000 00:00 0 
7fe2d4697000-7fe2d4795000 rw-p 00000000 00:00 0 
7fe2d4795000-7fe2d4798000 ---p 00000000 00:00 0 
7fe2d4798000-7fe2d4896000 rw-p 00000000 00:00 0 
7fe2d4896000-7fe2d4897000 ---p 00000000 00:00 0 
7fe2d4897000-7fe2d5000000 rw-p 00000000 00:00 0 
7fe2d5000000-7fe2d5270000 rwxp 00000000 00:00 0 
7fe2d5270000-7fe2d822f000 rw-p 00000000 00:00 0 
7fe2d822f000-7fe2dc000000 ---p 00000000 00:00 0 
7fe2dc022000-7fe2dc0c7000 rw-s 00000000 00:04 21528590                   /SYSV00000000 (deleted)
7fe2dc0c7000-7fe2dc46b000 rw-p 00000000 00:00 0 
7fe2dc46b000-7fe2dc626000 r--s 039d0000 08:06 2436605                    /home/abhinay/jdk1.7.0_06/jre/lib/rt.jar
7fe2dc626000-7fe2ddc7e000 rw-p 00000000 00:00 0 
7fe2ddc7e000-7fe2ddc7f000 ---p 00000000 00:00 0 
7fe2ddc7f000-7fe2ddd7f000 rw-p 00000000 00:00 0 
7fe2ddd7f000-7fe2ddd80000 ---p 00000000 00:00 0 
7fe2ddd80000-7fe2dde8b000 rw-p 00000000 00:00 0 
7fe2dde8b000-7fe2ddea9000 rw-p 00000000 00:00 0 
7fe2ddea9000-7fe2ddeb4000 rw-p 00000000 00:00 0 
7fe2ddeb4000-7fe2ddf4b000 rw-p 00000000 00:00 0 
7fe2ddf4b000-7fe2ddf56000 rw-p 00000000 00:00 0 
7fe2ddf56000-7fe2ddf74000 rw-p 00000000 00:00 0 
7fe2ddf74000-7fe2ddf7f000 rw-p 00000000 00:00 0 
7fe2ddf7f000-7fe2de016000 rw-p 00000000 00:00 0 
7fe2de016000-7fe2de01c000 rw-p 00000000 00:00 0 
7fe2de01c000-7fe2de067000 rw-p 00000000 00:00 0 
7fe2de067000-7fe2de068000 rw-p 00000000 00:00 0 
7fe2de068000-7fe2de082000 r-xp 00000000 08:06 2436659                    /home/abhinay/jdk1.7.0_06/jre/lib/amd64/libzip.so
7fe2de082000-7fe2de282000 ---p 0001a000 08:06 2436659                    /home/abhinay/jdk1.7.0_06/jre/lib/amd64/libzip.so
7fe2de282000-7fe2de283000 rw-p 0001a000 08:06 2436659                    /home/abhinay/jdk1.7.0_06/jre/lib/amd64/libzip.so
7fe2de283000-7fe2de28f000 r-xp 00000000 08:06 1095617                    /lib/x86_64-linux-gnu/libnss_files-2.15.so
7fe2de28f000-7fe2de48e000 ---p 0000c000 08:06 1095617                    /lib/x86_64-linux-gnu/libnss_files-2.15.so
7fe2de48e000-7fe2de48f000 r--p 0000b000 08:06 1095617                    /lib/x86_64-linux-gnu/libnss_files-2.15.so
7fe2de48f000-7fe2de490000 rw-p 0000c000 08:06 1095617                    /lib/x86_64-linux-gnu/libnss_files-2.15.so
7fe2de490000-7fe2de49a000 r-xp 00000000 08:06 1095611                    /lib/x86_64-linux-gnu/libnss_nis-2.15.so
7fe2de49a000-7fe2de69a000 ---p 0000a000 08:06 1095611                    /lib/x86_64-linux-gnu/libnss_nis-2.15.so
7fe2de69a000-7fe2de69b000 r--p 0000a000 08:06 1095611                    /lib/x86_64-linux-gnu/libnss_nis-2.15.so
7fe2de69b000-7fe2de69c000 rw-p 0000b000 08:06 1095611                    /lib/x86_64-linux-gnu/libnss_nis-2.15.so
7fe2de69c000-7fe2de6b3000 r-xp 00000000 08:06 1095626                    /lib/x86_64-linux-gnu/libnsl-2.15.so
7fe2de6b3000-7fe2de8b2000 ---p 00017000 08:06 1095626                    /lib/x86_64-linux-gnu/libnsl-2.15.so
7fe2de8b2000-7fe2de8b3000 r--p 00016000 08:06 1095626                    /lib/x86_64-linux-gnu/libnsl-2.15.so
7fe2de8b3000-7fe2de8b4000 rw-p 00017000 08:06 1095626                    /lib/x86_64-linux-gnu/libnsl-2.15.so
7fe2de8b4000-7fe2de8b6000 rw-p 00000000 00:00 0 
7fe2de8b6000-7fe2de8be000 r-xp 00000000 08:06 1095618                    /lib/x86_64-linux-gnu/libnss_compat-2.15.so
7fe2de8be000-7fe2deabd000 ---p 00008000 08:06 1095618                    /lib/x86_64-linux-gnu/libnss_compat-2.15.so
7fe2deabd000-7fe2deabe000 r--p 00007000 08:06 1095618                    /lib/x86_64-linux-gnu/libnss_compat-2.15.so
7fe2deabe000-7fe2deabf000 rw-p 00008000 08:06 1095618                    /lib/x86_64-linux-gnu/libnss_compat-2.15.so
7fe2deabf000-7fe2df1a3000 r--p 00000000 08:06 50862                      /usr/lib/locale/locale-archive
7fe2df1a3000-7fe2df1a6000 r-xp 00000000 08:06 2436667                    /home/abhinay/jdk1.7.0_06/jre/lib/amd64/libnpt.so
7fe2df1a6000-7fe2df3a5000 ---p 00003000 08:06 2436667                    /home/abhinay/jdk1.7.0_06/jre/lib/amd64/libnpt.so
7fe2df3a5000-7fe2df3a6000 rw-p 00002000 08:06 2436667                    /home/abhinay/jdk1.7.0_06/jre/lib/amd64/libnpt.so
7fe2df3a6000-7fe2df3df000 r-xp 00000000 08:06 2436638                    /home/abhinay/jdk1.7.0_06/jre/lib/amd64/libjdwp.so
7fe2df3df000-7fe2df5de000 ---p 00039000 08:06 2436638                    /home/abhinay/jdk1.7.0_06/jre/lib/amd64/libjdwp.so
7fe2df5de000-7fe2df5e0000 rw-p 00038000 08:06 2436638                    /home/abhinay/jdk1.7.0_06/jre/lib/amd64/libjdwp.so
7fe2df5e0000-7fe2df609000 r-xp 00000000 08:06 2436685                    /home/abhinay/jdk1.7.0_06/jre/lib/amd64/libjava.so
7fe2df609000-7fe2df809000 ---p 00029000 08:06 2436685                    /home/abhinay/jdk1.7.0_06/jre/lib/amd64/libjava.so
7fe2df809000-7fe2df80b000 rw-p 00029000 08:06 2436685                    /home/abhinay/jdk1.7.0_06/jre/lib/amd64/libjava.so
7fe2df80b000-7fe2df818000 r-xp 00000000 08:06 2436644                    /home/abhinay/jdk1.7.0_06/jre/lib/amd64/libverify.so
7fe2df818000-7fe2dfa17000 ---p 0000d000 08:06 2436644                    /home/abhinay/jdk1.7.0_06/jre/lib/amd64/libverify.so
7fe2dfa17000-7fe2dfa19000 rw-p 0000c000 08:06 2436644                    /home/abhinay/jdk1.7.0_06/jre/lib/amd64/libverify.so
7fe2dfa19000-7fe2dfa20000 r-xp 00000000 08:06 1095609                    /lib/x86_64-linux-gnu/librt-2.15.so
7fe2dfa20000-7fe2dfc1f000 ---p 00007000 08:06 1095609                    /lib/x86_64-linux-gnu/librt-2.15.so
7fe2dfc1f000-7fe2dfc20000 r--p 00006000 08:06 1095609                    /lib/x86_64-linux-gnu/librt-2.15.so
7fe2dfc20000-7fe2dfc21000 rw-p 00007000 08:06 1095609                    /lib/x86_64-linux-gnu/librt-2.15.so
7fe2dfc21000-7fe2dfd1c000 r-xp 00000000 08:06 1095613                    /lib/x86_64-linux-gnu/libm-2.15.so
7fe2dfd1c000-7fe2dff1b000 ---p 000fb000 08:06 1095613                    /lib/x86_64-linux-gnu/libm-2.15.so
7fe2dff1b000-7fe2dff1c000 r--p 000fa000 08:06 1095613                    /lib/x86_64-linux-gnu/libm-2.15.so
7fe2dff1c000-7fe2dff1d000 rw-p 000fb000 08:06 1095613                    /lib/x86_64-linux-gnu/libm-2.15.so
7fe2dff1d000-7fe2e0964000 r-xp 00000000 08:06 2436688                    /home/abhinay/jdk1.7.0_06/jre/lib/amd64/server/libjvm.so
7fe2e0964000-7fe2e0b63000 ---p 00a47000 08:06 2436688                    /home/abhinay/jdk1.7.0_06/jre/lib/amd64/server/libjvm.so
7fe2e0b63000-7fe2e0c06000 rw-p 00a46000 08:06 2436688                    /home/abhinay/jdk1.7.0_06/jre/lib/amd64/server/libjvm.so
7fe2e0c06000-7fe2e0c42000 rw-p 00000000 00:00 0 
7fe2e0c42000-7fe2e0df7000 r-xp 00000000 08:06 1095605                    /lib/x86_64-linux-gnu/libc-2.15.so
7fe2e0df7000-7fe2e0ff6000 ---p 001b5000 08:06 1095605                    /lib/x86_64-linux-gnu/libc-2.15.so
7fe2e0ff6000-7fe2e0ffa000 r--p 001b4000 08:06 1095605                    /lib/x86_64-linux-gnu/libc-2.15.so
7fe2e0ffa000-7fe2e0ffc000 rw-p 001b8000 08:06 1095605                    /lib/x86_64-linux-gnu/libc-2.15.so
7fe2e0ffc000-7fe2e1001000 rw-p 00000000 00:00 0 
7fe2e1001000-7fe2e1003000 r-xp 00000000 08:06 1095604                    /lib/x86_64-linux-gnu/libdl-2.15.so
7fe2e1003000-7fe2e1203000 ---p 00002000 08:06 1095604                    /lib/x86_64-linux-gnu/libdl-2.15.so
7fe2e1203000-7fe2e1204000 r--p 00002000 08:06 1095604                    /lib/x86_64-linux-gnu/libdl-2.15.so
7fe2e1204000-7fe2e1205000 rw-p 00003000 08:06 1095604                    /lib/x86_64-linux-gnu/libdl-2.15.so
7fe2e1205000-7fe2e121b000 r-xp 00000000 08:06 2436674                    /home/abhinay/jdk1.7.0_06/jre/lib/amd64/jli/libjli.so
7fe2e121b000-7fe2e141a000 ---p 00016000 08:06 2436674                    /home/abhinay/jdk1.7.0_06/jre/lib/amd64/jli/libjli.so
7fe2e141a000-7fe2e141b000 rw-p 00015000 08:06 2436674                    /home/abhinay/jdk1.7.0_06/jre/lib/amd64/jli/libjli.so
7fe2e141b000-7fe2e1433000 r-xp 00000000 08:06 1095607                    /lib/x86_64-linux-gnu/libpthread-2.15.so
7fe2e1433000-7fe2e1632000 ---p 00018000 08:06 1095607                    /lib/x86_64-linux-gnu/libpthread-2.15.so
7fe2e1632000-7fe2e1633000 r--p 00017000 08:06 1095607                    /lib/x86_64-linux-gnu/libpthread-2.15.so
7fe2e1633000-7fe2e1634000 rw-p 00018000 08:06 1095607                    /lib/x86_64-linux-gnu/libpthread-2.15.so
7fe2e1634000-7fe2e1638000 rw-p 00000000 00:00 0 
7fe2e1638000-7fe2e165a000 r-xp 00000000 08:06 1095621                    /lib/x86_64-linux-gnu/ld-2.15.so
7fe2e1667000-7fe2e1671000 r--s 00254000 08:06 2436624                    /home/abhinay/jdk1.7.0_06/jre/lib/resources.jar
7fe2e1671000-7fe2e167b000 rw-p 00000000 00:00 0 
7fe2e167b000-7fe2e1731000 rw-p 00000000 00:00 0 
7fe2e1731000-7fe2e1734000 ---p 00000000 00:00 0 
7fe2e1734000-7fe2e1836000 rw-p 00000000 00:00 0 
7fe2e1839000-7fe2e183a000 rw-p 00000000 00:00 0 
7fe2e183a000-7fe2e1841000 r--s 00000000 08:06 314875                     /usr/lib/x86_64-linux-gnu/gconv/gconv-modules.cache
7fe2e1841000-7fe2e1842000 rw-p 00000000 00:00 0 
7fe2e1842000-7fe2e1844000 r--s 0001a000 08:06 398451                     /home/abhinay/Desktop/Summer Project/EP/EnergyPlusSpeedUpFramework/forms-1.3.0.jar
7fe2e1844000-7fe2e184e000 r--s 00371000 08:06 2436558                    /home/abhinay/jdk1.7.0_06/jre/lib/charsets.jar
7fe2e184e000-7fe2e1856000 rw-s 00000000 08:06 311009                     /tmp/hsperfdata_abhinay/8266
7fe2e1856000-7fe2e1857000 rw-p 00000000 00:00 0 
7fe2e1857000-7fe2e1858000 r--p 00000000 00:00 0 
7fe2e1858000-7fe2e185a000 rw-p 00000000 00:00 0 
7fe2e185a000-7fe2e185b000 r--p 00022000 08:06 1095621                    /lib/x86_64-linux-gnu/ld-2.15.so
7fe2e185b000-7fe2e185d000 rw-p 00023000 08:06 1095621                    /lib/x86_64-linux-gnu/ld-2.15.so
7fff282bb000-7fff282dc000 rw-p 00000000 00:00 0                          [stack]
7fff282e3000-7fff282e4000 r-xp 00000000 00:00 0                          [vdso]
ffffffffff600000-ffffffffff601000 r-xp 00000000 00:00 0                  [vsyscall]

VM Arguments:
jvm_args: -agentlib:jdwp=transport=dt_socket,suspend=y,address=localhost:42714 -Dfile.encoding=UTF-8 
java_command: Runner
Launcher Type: SUN_STANDARD

Environment Variables:
JAVA_HOME=/home/abhinay/jdk1.7.0_06
PATH=/home/abhinay/bin:/home/abhinay/jdk1.7.0_06/bin:/usr/local/sbin:/usr/local/bin:/usr/sbin:/usr/bin:/sbin:/bin:/usr/games
SHELL=/bin/bash
DISPLAY=:0.0

Signal Handlers:
SIGSEGV: [libjvm.so+0x8a5a80], sa_mask[0]=0x7ffbfeff, sa_flags=0x10000004
SIGBUS: [libjvm.so+0x8a5a80], sa_mask[0]=0x7ffbfeff, sa_flags=0x10000004
SIGFPE: [libjvm.so+0x741b60], sa_mask[0]=0x7ffbfeff, sa_flags=0x10000004
SIGPIPE: [libjvm.so+0x741b60], sa_mask[0]=0x7ffbfeff, sa_flags=0x10000004
SIGXFSZ: [libjvm.so+0x741b60], sa_mask[0]=0x7ffbfeff, sa_flags=0x10000004
SIGILL: [libjvm.so+0x741b60], sa_mask[0]=0x7ffbfeff, sa_flags=0x10000004
SIGUSR1: SIG_DFL, sa_mask[0]=0x00000000, sa_flags=0x00000000
SIGUSR2: [libjvm.so+0x7414b0], sa_mask[0]=0x00000004, sa_flags=0x10000004
SIGHUP: [libjvm.so+0x743840], sa_mask[0]=0x7ffbfeff, sa_flags=0x10000004
SIGINT: [libjvm.so+0x743840], sa_mask[0]=0x7ffbfeff, sa_flags=0x10000004
SIGTERM: [libjvm.so+0x743840], sa_mask[0]=0x7ffbfeff, sa_flags=0x10000004
SIGQUIT: [libjvm.so+0x743840], sa_mask[0]=0x7ffbfeff, sa_flags=0x10000004


---------------  S Y S T E M  ---------------

OS:wheezy/sid

uname:Linux 3.2.0-48-generic #74-Ubuntu SMP Thu Jun 6 19:43:26 UTC 2013 x86_64
libc:glibc 2.15 NPTL 2.15 
rlimit: STACK 8192k, CORE 0k, NPROC 15322, NOFILE 4096, AS infinity
load average:0.55 1.03 1.62

/proc/meminfo:
MemTotal:        1985756 kB
MemFree:           72056 kB
Buffers:           20688 kB
Cached:           415844 kB
SwapCached:         5288 kB
Active:          1185688 kB
Inactive:         537348 kB
Active(anon):     971088 kB
Inactive(anon):   325000 kB
Active(file):     214600 kB
Inactive(file):   212348 kB
Unevictable:           4 kB
Mlocked:               4 kB
SwapTotal:       4657148 kB
SwapFree:        4580716 kB
Dirty:                80 kB
Writeback:             0 kB
AnonPages:       1282196 kB
Mapped:           124808 kB
Shmem:              9484 kB
Slab:              56868 kB
SReclaimable:      30088 kB
SUnreclaim:        26780 kB
KernelStack:        3880 kB
PageTables:        30020 kB
NFS_Unstable:          0 kB
Bounce:                0 kB
WritebackTmp:          0 kB
CommitLimit:     5650024 kB
Committed_AS:    4172348 kB
VmallocTotal:   34359738367 kB
VmallocUsed:      204956 kB
VmallocChunk:   34359524208 kB
HardwareCorrupted:     0 kB
AnonHugePages:         0 kB
HugePages_Total:       0
HugePages_Free:        0
HugePages_Rsvd:        0
HugePages_Surp:        0
Hugepagesize:       2048 kB
DirectMap4k:      640960 kB
DirectMap2M:     1390592 kB


CPU:total 2 (2 cores per cpu, 1 threads per core) family 15 model 107 stepping 2, cmov, cx8, fxsr, mmx, sse, sse2, sse3, mmxext, 3dnowpref, tsc

/proc/cpuinfo:
processor	: 0
vendor_id	: AuthenticAMD
cpu family	: 15
model		: 107
model name	: AMD Athlon(tm) 64 X2 Dual Core Processor 5200+
stepping	: 2
microcode	: 0x83
cpu MHz		: 2700.000
cache size	: 512 KB
physical id	: 0
siblings	: 2
core id		: 0
cpu cores	: 2
apicid		: 0
initial apicid	: 0
fpu		: yes
fpu_exception	: yes
cpuid level	: 1
wp		: yes
flags		: fpu vme de pse tsc msr pae mce cx8 apic sep mtrr pge mca cmov pat pse36 clflush mmx fxsr sse sse2 ht syscall nx mmxext fxsr_opt rdtscp lm 3dnowext 3dnow rep_good nopl extd_apicid pni cx16 lahf_lm cmp_legacy svm extapic cr8_legacy 3dnowprefetch lbrv
bogomips	: 5425.01
TLB size	: 1024 4K pages
clflush size	: 64
cache_alignment	: 64
address sizes	: 40 bits physical, 48 bits virtual
power management: ts fid vid ttp tm stc 100mhzsteps

processor	: 1
vendor_id	: AuthenticAMD
cpu family	: 15
model		: 107
model name	: AMD Athlon(tm) 64 X2 Dual Core Processor 5200+
stepping	: 2
microcode	: 0x83
cpu MHz		: 2700.000
cache size	: 512 KB
physical id	: 0
siblings	: 2
core id		: 1
cpu cores	: 2
apicid		: 1
initial apicid	: 1
fpu		: yes
fpu_exception	: yes
cpuid level	: 1
wp		: yes
flags		: fpu vme de pse tsc msr pae mce cx8 apic sep mtrr pge mca cmov pat pse36 clflush mmx fxsr sse sse2 ht syscall nx mmxext fxsr_opt rdtscp lm 3dnowext 3dnow rep_good nopl extd_apicid pni cx16 lahf_lm cmp_legacy svm extapic cr8_legacy 3dnowprefetch lbrv
bogomips	: 5425.01
TLB size	: 1024 4K pages
clflush size	: 64
cache_alignment	: 64
address sizes	: 40 bits physical, 48 bits virtual
power management: ts fid vid ttp tm stc 100mhzsteps



Memory: 4k page, physical 1985756k(72056k free), swap 4657148k(4580716k free)

vm_info: Java HotSpot(TM) 64-Bit Server VM (23.2-b09) for linux-amd64 JRE (1.7.0_06-b24), built on Aug  9 2012 19:49:48 by "java_re" with gcc 4.3.0 20080428 (Red Hat 4.3.0-8)

time: Thu Jun 20 14:18:36 2013
elapsed time: 338 seconds

